


ARM Macro Assembler    Page 1 


    1 00000000         ;/*-----------------------------------------------------
                       ----------------------------------------------------*/
    2 00000000         ;/* Holtek Semiconductor Inc.                           
                                                                           */
    3 00000000         ;/*                                                     
                                                                           */
    4 00000000         ;/* Copyright (C) Holtek Semiconductor Inc.             
                                                                           */
    5 00000000         ;/* All rights reserved.                                
                                                                           */
    6 00000000         ;/*                                                     
                                                                           */
    7 00000000         ;/*-----------------------------------------------------
                       ------------------------------------------------------
    8 00000000         ;  File Name        : startup_ht32f5xxxx_01_iap.s
    9 00000000         ;  Version          : $Rev:: 4140         $
   10 00000000         ;  Date             : $Date:: 2019-07-24 #$
   11 00000000         ;  Description      : Startup code.
   12 00000000         ;-------------------------------------------------------
                       ----------------------------------------------------*/
   13 00000000         
   14 00000000         ;  Supported Device
   15 00000000         ;  ========================================
   16 00000000         ;   HT32F52220, HT32F52230
   17 00000000         ;   HT32F52231, HT32F52241
   18 00000000         ;   HT32F52331, HT32F52341
   19 00000000         ;   HT32F52342, HT32F52352
   20 00000000         ;   HT32F52243, HT32F52253
   21 00000000         ;   HT32F0008
   22 00000000         ;   HT32F52344, HT32F52354
   23 00000000         ;   HT32F0006
   24 00000000         ;   HT32F61352
   25 00000000         ;   HT50F32003
   26 00000000         
   27 00000000         ;/* <<< Use Configuration Wizard in Context Menu >>>    
                                                                           */
   28 00000000         
   29 00000000         ;// <o>  HT32 Device
   30 00000000         ;//      <0=> By Project Asm Define
   31 00000000         ;//      <1=> HT32F52220/30
   32 00000000         ;//      <2=> HT32F52231/41
   33 00000000         ;//      <3=> HT32F52331/41
   34 00000000         ;//      <4=> HT32F52342/52
   35 00000000         ;//      <5=> HT32F52243/53
   36 00000000         ;//      <6=> HT32F0008
   37 00000000         ;//      <9=> HT32F52344/54
   38 00000000         ;//      <10=> HT32F0006
   39 00000000         ;//      <10=> HT32F61352
   40 00000000         ;//      <4=> HT50F32003
   41 00000000 00000000 
                       USE_HT32_CHIP_SET
                               EQU              0
   42 00000000         
   43 00000000 FFFFFFFF 
                       _HT32FWID
                               EQU              0xFFFFFFFF
   44 00000000         ;_HT32FWID           EQU     0x00052220
   45 00000000         ;_HT32FWID           EQU     0x00052230
   46 00000000         ;_HT32FWID           EQU     0x00052231



ARM Macro Assembler    Page 2 


   47 00000000         ;_HT32FWID           EQU     0x00052241
   48 00000000         ;_HT32FWID           EQU     0x00052331
   49 00000000         ;_HT32FWID           EQU     0x00052341
   50 00000000         ;_HT32FWID           EQU     0x00052342
   51 00000000         ;_HT32FWID           EQU     0x00052352
   52 00000000         ;_HT32FWID           EQU     0x00052243
   53 00000000         ;_HT32FWID           EQU     0x00052253
   54 00000000         ;_HT32FWID           EQU     0x00000008
   55 00000000         ;_HT32FWID           EQU     0x00052344
   56 00000000         ;_HT32FWID           EQU     0x00052354
   57 00000000         ;_HT32FWID           EQU     0x00000006
   58 00000000         ;_HT32FWID           EQU     0x00061352
   59 00000000         ;_HT32FWID           EQU     0x00032003
   60 00000000         
   61 00000000 00000001 
                       HT32F52220_30
                               EQU              1
   62 00000000 00000002 
                       HT32F52231_41
                               EQU              2
   63 00000000 00000003 
                       HT32F52331_41
                               EQU              3
   64 00000000 00000004 
                       HT32F52342_52
                               EQU              4
   65 00000000 00000005 
                       HT32F52243_53
                               EQU              5
   66 00000000 00000006 
                       HT32F0008
                               EQU              6
   67 00000000 00000009 
                       HT32F52344_54
                               EQU              9
   68 00000000 0000000A 
                       HT32F0006
                               EQU              10
   69 00000000 0000000A 
                       HT32F61352
                               EQU              10
   70 00000000 00000004 
                       HT50F32003
                               EQU              4
   71 00000000         
   72 00000000                 IF               USE_HT32_CHIP_SET=0
   73 00000000                 ELSE
   75                          ENDIF
   76 00000000         
   77 00000000         ; Amount of memory (in bytes) allocated for Stack and He
                       ap
   78 00000000         ; Tailor those values to your application needs
   79 00000000         ;//   <o> Stack Size (in Bytes, must 8 byte aligned) <0-
                       16384:8>
   80 00000000 00000200 
                       Stack_Size
                               EQU              512
   81 00000000         
   82 00000000                 AREA             STACK, NOINIT, READWRITE, ALIGN



ARM Macro Assembler    Page 3 


 = 3
   83 00000000         __HT_check_sp
   84 00000000         Stack_Mem
                               SPACE            Stack_Size
   85 00000200         __initial_sp
   86 00000200         
   87 00000200         ;//   <o>  Heap Size (in Bytes) <0-16384:8>
   88 00000200 00000000 
                       Heap_Size
                               EQU              0
   89 00000200         
   90 00000200                 AREA             HEAP, NOINIT, READWRITE, ALIGN 
= 3
   91 00000000         __HT_check_heap
   92 00000000         __heap_base
   93 00000000         Heap_Mem
                               SPACE            Heap_Size
   94 00000000         __heap_limit
   95 00000000         
   96 00000000                 PRESERVE8
   97 00000000                 THUMB
   98 00000000         
   99 00000000         ;*******************************************************
                       ************************
  100 00000000         ; Fill-up the Vector Table entries with the exceptions I
                       SR address
  101 00000000         ;*******************************************************
                       ************************
  102 00000000                 AREA             RESET, CODE, READONLY
  103 00000000                 EXPORT           __Vectors
  104 00000000 FFFFFFFF 
                       _RESERVED
                               EQU              0xFFFFFFFF
  105 00000000         __Vectors
  106 00000000 00000000        DCD              __initial_sp ; ---, 00, 0x000, 
                                                            Top address of Stac
                                                            k
  107 00000004 00000000        DCD              Reset_Handler ; ---, 01, 0x004,
                                                             Reset Handler
  108 00000008 00000000        DCD              NMI_Handler ; -14, 02, 0x008, N
                                                            MI Handler
  109 0000000C 00000000        DCD              HardFault_Handler ; -13, 03, 0x
                                                            00C, Hard Fault Han
                                                            dler
  110 00000010 FFFFFFFF        DCD              _RESERVED   ; ---, 04, 0x010, R
                                                            eserved
  111 00000014 FFFFFFFF        DCD              _RESERVED   ; ---, 05, 0x014, R
                                                            eserved
  112 00000018 FFFFFFFF        DCD              _RESERVED   ; ---, 06, 0x018, R
                                                            eserved
  113 0000001C FFFFFFFF        DCD              _RESERVED   ; ---, 07, 0x01C, R
                                                            eserved
  114 00000020 FFFFFFFF        DCD              _HT32FWID   ; ---, 08, 0x020, R
                                                            eserved
  115 00000024 FFFFFFFF        DCD              _RESERVED   ; ---, 09, 0x024, R
                                                            eserved
  116 00000028 FFFFFFFF        DCD              _RESERVED   ; ---, 10, 0x028, R
                                                            eserved
  117 0000002C 00000000        DCD              SVC_Handler ; -05, 11, 0x02C, S



ARM Macro Assembler    Page 4 


                                                            VC Handler
  118 00000030 FFFFFFFF        DCD              _RESERVED   ; ---, 12, 0x030, R
                                                            eserved
  119 00000034 FFFFFFFF        DCD              _RESERVED   ; ---, 13, 0x034, R
                                                            eserved
  120 00000038 00000000        DCD              PendSV_Handler ; -02, 14, 0x038
                                                            , PendSV Handler
  121 0000003C 00000000        DCD              SysTick_Handler ; -01, 15, 0x03
                                                            C, SysTick Handler
  122 00000040         
  123 00000040         ;AREA    |.ARM.__AT_0x0000009C|, CODE, READONLY  ;IAP UA
                       RT SETTING: Vector address of USART0
  124 00000040         ;AREA    |.ARM.__AT_0x000000A0|, CODE, READONLY  ;IAP UA
                       RT SETTING: Vector address of USART1
  125 00000040         ;AREA    |.ARM.__AT_0x000000A4|, CODE, READONLY  ;IAP UA
                       RT SETTING: Vector address of UART0
  126 00000040         ;AREA    |.ARM.__AT_0x000000A8|, CODE, READONLY  ;IAP UA
                       RT SETTING: Vector address of UART1
  127 00000040                 IF               (USE_HT32_CHIP=HT32F52220_30)
  129                          ENDIF
  130 00000040                 IF               (USE_HT32_CHIP=HT32F52231_41)
  131 00000040                 AREA             |.ARM.__AT_0x000000A8|, CODE, R
EADONLY 
                                                            ;IAP UART SETTING: 
                                                            Vector address of U
                                                            ART1
  132 00000000                 ENDIF
  133 00000000                 IF               (USE_HT32_CHIP=HT32F52331_41)
  135                          ENDIF
  136 00000000                 IF               (USE_HT32_CHIP=HT32F52342_52)
  138                          ENDIF
  139 00000000                 IF               (USE_HT32_CHIP=HT32F52243_53)
  141                          ENDIF
  142 00000000                 IF               (USE_HT32_CHIP=HT32F0008)
  144                          ENDIF
  145 00000000                 IF               (USE_HT32_CHIP=HT32F52344_54)
  147                          ENDIF
  148 00000000                 IF               (USE_HT32_CHIP=HT32F0006)
  150                          ENDIF
  151 00000000                 IMPORT           UxART_IRQHandler
  152 00000000 00000000        DCD              UxART_IRQHandler
  153 00000004         
  154 00000004         
  155 00000004         ; Reset handler routine
  156 00000004         Reset_Handler
                               PROC
  157 00000004                 EXPORT           Reset_Handler                  
 [WEAK]
  158 00000004                 IMPORT           SystemInit
  159 00000004                 IMPORT           __main
  160 00000004 481C            LDR              R0, =BootProcess
  161 00000006 4780            BLX              R0
  162 00000008 481C            LDR              R0, =SystemInit
  163 0000000A 4780            BLX              R0
  164 0000000C 481C            LDR              R0, =__main
  165 0000000E 4700            BX               R0
  166 00000010                 ENDP
  167 00000010         
  168 00000010         BootProcess



ARM Macro Assembler    Page 5 


                               PROC
  169 00000010 481C            LDR              R0, =0x40080300
  170 00000012 6901            LDR              R1,[R0, #0x10]
  171 00000014 2900            CMP              R1, #0
  172 00000016 D108            BNE              BP1
  173 00000018 6941            LDR              R1,[R0, #0x14]
  174 0000001A 2900            CMP              R1, #0
  175 0000001C D105            BNE              BP1
  176 0000001E 6981            LDR              R1,[R0, #0x18]
  177 00000020 2900            CMP              R1, #0
  178 00000022 D102            BNE              BP1
  179 00000024 69C1            LDR              R1,[R0, #0x1C]
  180 00000026 2900            CMP              R1, #0
  181 00000028 D009            BEQ              BP2
  182 0000002A 4817    BP1     LDR              R0, =0x40080180
  183 0000002C 68C1            LDR              R1,[R0, #0xC]
  184 0000002E 0109            LSLS             R1, R1, #4
  185 00000030 0D09            LSRS             R1, R1, #20
  186 00000032 2900            CMP              R1, #0
  187 00000034 D00E            BEQ              BP3
  188 00000036 2905            CMP              R1, #5
  189 00000038 D00C            BEQ              BP3
  190 0000003A 2906            CMP              R1, #6
  191 0000003C D00A            BEQ              BP3
  192 0000003E F3BF 8F4F 
                       BP2     DSB
  193 00000042 4812            LDR              R0, =0x20000000
  194 00000044 4912            LDR              R1, =0x05fa0004
  195 00000046 6001            STR              R1, [R0]
  196 00000048 4912            LDR              R1, =0xe000ed00
  197 0000004A 4811            LDR              R0, =0x05fa0004
  198 0000004C 60C8            STR              R0, [R1, #0xC]
  199 0000004E F3BF 8F4F       DSB
  200 00000052 E7FE            B                .
  201 00000054 480D    BP3     LDR              R0, =0x20000000
  202 00000056 6801            LDR              R1, [R0]
  203 00000058 480D            LDR              R0, =0x05fa0004
  204 0000005A 4288            CMP              R0, R1
  205 0000005C D000            BEQ              BP4
  206 0000005E 4770            BX               LR
  207 00000060 480D    BP4     LDR              R0, =0x40088100
  208 00000062 490E            LDR              R1, =0x00000001
  209 00000064 6001            STR              R1, [R0]
  210 00000066 4809            LDR              R0, =0x20000000
  211 00000068 490D            LDR              R1, =0x0
  212 0000006A 6001            STR              R1, [R0]
  213 0000006C 4770            BX               LR
  214 0000006E                 ENDP
  215 0000006E         
  216 0000006E         ; Dummy Exception Handlers
  217 0000006E         NMI_Handler
                               PROC
  218 0000006E                 EXPORT           NMI_Handler                    
 [WEAK]
  219 0000006E E7FE            B                .
  220 00000070                 ENDP
  221 00000070         
  222 00000070         HardFault_Handler
                               PROC



ARM Macro Assembler    Page 6 


  223 00000070                 EXPORT           HardFault_Handler              
 [WEAK]
  224 00000070 E7FE            B                .
  225 00000072                 ENDP
  226 00000072         
  227 00000072         SVC_Handler
                               PROC
  228 00000072                 EXPORT           SVC_Handler                    
 [WEAK]
  229 00000072 E7FE            B                .
  230 00000074                 ENDP
  231 00000074         
  232 00000074         PendSV_Handler
                               PROC
  233 00000074                 EXPORT           PendSV_Handler                 
 [WEAK]
  234 00000074 E7FE            B                .
  235 00000076                 ENDP
  236 00000076         
  237 00000076         SysTick_Handler
                               PROC
  238 00000076                 EXPORT           SysTick_Handler                
 [WEAK]
  239 00000076 E7FE            B                .
  240 00000078                 ENDP
  241 00000078         
  242 00000078         
  243 00000078                 ALIGN
  244 00000078         
  245 00000078         ;*******************************************************
                       ************************
  246 00000078         ; User Stack and Heap initialization
  247 00000078         ;*******************************************************
                       ************************
  248 00000078                 IF               :DEF:__MICROLIB
  249 00000078         
  250 00000078                 EXPORT           __HT_check_heap
  251 00000078                 EXPORT           __HT_check_sp
  252 00000078                 EXPORT           __initial_sp
  253 00000078                 EXPORT           __heap_base
  254 00000078                 EXPORT           __heap_limit
  255 00000078         
  256 00000078                 ELSE
  270                          ENDIF
  271 00000078         
  272 00000078                 END
              00000000 
              00000000 
              00000000 
              40080300 
              40080180 
              20000000 
              05FA0004 
              E000ED00 
              40088100 
              00000001 
              00000000 
Command Line: --debug --xref --diag_suppress=9931 --cpu=Cortex-M0+ --apcs=inter
work --depend=.\ht32\52241\iap\obj\startup_ht32f5xxxx_01_iap.d -o.\ht32\52241\i



ARM Macro Assembler    Page 7 


ap\obj\startup_ht32f5xxxx_01_iap.o -I.\RTE\_IAP -ID:\Keil_v5\ARM\PACK\Holtek\HT
32_DFP\1.0.20\ARM\INC\Holtek\HT32F5xxxx -ID:\Keil_v5\ARM\CMSIS\Include --predef
ine="__MICROLIB SETA 1" --predefine="__UVISION_VERSION SETA 527" --predefine="U
SE_HT32F52231_41 SETA 1" --predefine="USE_HT32_CHIP SETA 2" --list=.\ht32\52241
\iap\list\startup_ht32f5xxxx_01_iap.lst startup_ht32f5xxxx_01_iap.s



ARM Macro Assembler    Page 1 Alphabetic symbol ordering
Relocatable symbols

STACK 00000000

Symbol: STACK
   Definitions
      At line 82 in file startup_ht32f5xxxx_01_iap.s
   Uses
      None
Comment: STACK unused
Stack_Mem 00000000

Symbol: Stack_Mem
   Definitions
      At line 84 in file startup_ht32f5xxxx_01_iap.s
   Uses
      None
Comment: Stack_Mem unused
__HT_check_sp 00000000

Symbol: __HT_check_sp
   Definitions
      At line 83 in file startup_ht32f5xxxx_01_iap.s
   Uses
      At line 251 in file startup_ht32f5xxxx_01_iap.s
Comment: __HT_check_sp used once
__initial_sp 00000200

Symbol: __initial_sp
   Definitions
      At line 85 in file startup_ht32f5xxxx_01_iap.s
   Uses
      At line 106 in file startup_ht32f5xxxx_01_iap.s
      At line 252 in file startup_ht32f5xxxx_01_iap.s

4 symbols



ARM Macro Assembler    Page 1 Alphabetic symbol ordering
Relocatable symbols

HEAP 00000000

Symbol: HEAP
   Definitions
      At line 90 in file startup_ht32f5xxxx_01_iap.s
   Uses
      None
Comment: HEAP unused
Heap_Mem 00000000

Symbol: Heap_Mem
   Definitions
      At line 93 in file startup_ht32f5xxxx_01_iap.s
   Uses
      None
Comment: Heap_Mem unused
__HT_check_heap 00000000

Symbol: __HT_check_heap
   Definitions
      At line 91 in file startup_ht32f5xxxx_01_iap.s
   Uses
      At line 250 in file startup_ht32f5xxxx_01_iap.s
Comment: __HT_check_heap used once
__heap_base 00000000

Symbol: __heap_base
   Definitions
      At line 92 in file startup_ht32f5xxxx_01_iap.s
   Uses
      At line 253 in file startup_ht32f5xxxx_01_iap.s
Comment: __heap_base used once
__heap_limit 00000000

Symbol: __heap_limit
   Definitions
      At line 94 in file startup_ht32f5xxxx_01_iap.s
   Uses
      At line 254 in file startup_ht32f5xxxx_01_iap.s
Comment: __heap_limit used once
5 symbols



ARM Macro Assembler    Page 1 Alphabetic symbol ordering
Relocatable symbols

RESET 00000000

Symbol: RESET
   Definitions
      At line 102 in file startup_ht32f5xxxx_01_iap.s
   Uses
      None
Comment: RESET unused
__Vectors 00000000

Symbol: __Vectors
   Definitions
      At line 105 in file startup_ht32f5xxxx_01_iap.s
   Uses
      At line 103 in file startup_ht32f5xxxx_01_iap.s
Comment: __Vectors used once
2 symbols



ARM Macro Assembler    Page 1 Alphabetic symbol ordering
Relocatable symbols

.ARM.__AT_0x000000A8 00000000

Symbol: .ARM.__AT_0x000000A8
   Definitions
      At line 131 in file startup_ht32f5xxxx_01_iap.s
   Uses
      None
Comment: .ARM.__AT_0x000000A8 unused
BP1 0000002A

Symbol: BP1
   Definitions
      At line 182 in file startup_ht32f5xxxx_01_iap.s
   Uses
      At line 172 in file startup_ht32f5xxxx_01_iap.s
      At line 175 in file startup_ht32f5xxxx_01_iap.s
      At line 178 in file startup_ht32f5xxxx_01_iap.s

BP2 0000003E

Symbol: BP2
   Definitions
      At line 192 in file startup_ht32f5xxxx_01_iap.s
   Uses
      At line 181 in file startup_ht32f5xxxx_01_iap.s
Comment: BP2 used once
BP3 00000054

Symbol: BP3
   Definitions
      At line 201 in file startup_ht32f5xxxx_01_iap.s
   Uses
      At line 187 in file startup_ht32f5xxxx_01_iap.s
      At line 189 in file startup_ht32f5xxxx_01_iap.s
      At line 191 in file startup_ht32f5xxxx_01_iap.s

BP4 00000060

Symbol: BP4
   Definitions
      At line 207 in file startup_ht32f5xxxx_01_iap.s
   Uses
      At line 205 in file startup_ht32f5xxxx_01_iap.s
Comment: BP4 used once
BootProcess 00000010

Symbol: BootProcess
   Definitions
      At line 168 in file startup_ht32f5xxxx_01_iap.s
   Uses
      At line 160 in file startup_ht32f5xxxx_01_iap.s
Comment: BootProcess used once
HardFault_Handler 00000070

Symbol: HardFault_Handler
   Definitions
      At line 222 in file startup_ht32f5xxxx_01_iap.s
   Uses
      At line 109 in file startup_ht32f5xxxx_01_iap.s



ARM Macro Assembler    Page 2 Alphabetic symbol ordering
Relocatable symbols

      At line 223 in file startup_ht32f5xxxx_01_iap.s

NMI_Handler 0000006E

Symbol: NMI_Handler
   Definitions
      At line 217 in file startup_ht32f5xxxx_01_iap.s
   Uses
      At line 108 in file startup_ht32f5xxxx_01_iap.s
      At line 218 in file startup_ht32f5xxxx_01_iap.s

PendSV_Handler 00000074

Symbol: PendSV_Handler
   Definitions
      At line 232 in file startup_ht32f5xxxx_01_iap.s
   Uses
      At line 120 in file startup_ht32f5xxxx_01_iap.s
      At line 233 in file startup_ht32f5xxxx_01_iap.s

Reset_Handler 00000004

Symbol: Reset_Handler
   Definitions
      At line 156 in file startup_ht32f5xxxx_01_iap.s
   Uses
      At line 107 in file startup_ht32f5xxxx_01_iap.s
      At line 157 in file startup_ht32f5xxxx_01_iap.s

SVC_Handler 00000072

Symbol: SVC_Handler
   Definitions
      At line 227 in file startup_ht32f5xxxx_01_iap.s
   Uses
      At line 117 in file startup_ht32f5xxxx_01_iap.s
      At line 228 in file startup_ht32f5xxxx_01_iap.s

SysTick_Handler 00000076

Symbol: SysTick_Handler
   Definitions
      At line 237 in file startup_ht32f5xxxx_01_iap.s
   Uses
      At line 121 in file startup_ht32f5xxxx_01_iap.s
      At line 238 in file startup_ht32f5xxxx_01_iap.s

12 symbols



ARM Macro Assembler    Page 1 Alphabetic symbol ordering
Absolute symbols

HT32F0006 0000000A

Symbol: HT32F0006
   Definitions
      At line 68 in file startup_ht32f5xxxx_01_iap.s
   Uses
      At line 148 in file startup_ht32f5xxxx_01_iap.s
Comment: HT32F0006 used once
HT32F0008 00000006

Symbol: HT32F0008
   Definitions
      At line 66 in file startup_ht32f5xxxx_01_iap.s
   Uses
      At line 142 in file startup_ht32f5xxxx_01_iap.s
Comment: HT32F0008 used once
HT32F52220_30 00000001

Symbol: HT32F52220_30
   Definitions
      At line 61 in file startup_ht32f5xxxx_01_iap.s
   Uses
      At line 127 in file startup_ht32f5xxxx_01_iap.s
Comment: HT32F52220_30 used once
HT32F52231_41 00000002

Symbol: HT32F52231_41
   Definitions
      At line 62 in file startup_ht32f5xxxx_01_iap.s
   Uses
      At line 130 in file startup_ht32f5xxxx_01_iap.s
Comment: HT32F52231_41 used once
HT32F52243_53 00000005

Symbol: HT32F52243_53
   Definitions
      At line 65 in file startup_ht32f5xxxx_01_iap.s
   Uses
      At line 139 in file startup_ht32f5xxxx_01_iap.s
Comment: HT32F52243_53 used once
HT32F52331_41 00000003

Symbol: HT32F52331_41
   Definitions
      At line 63 in file startup_ht32f5xxxx_01_iap.s
   Uses
      At line 133 in file startup_ht32f5xxxx_01_iap.s
Comment: HT32F52331_41 used once
HT32F52342_52 00000004

Symbol: HT32F52342_52
   Definitions
      At line 64 in file startup_ht32f5xxxx_01_iap.s
   Uses
      At line 136 in file startup_ht32f5xxxx_01_iap.s
Comment: HT32F52342_52 used once
HT32F52344_54 00000009

Symbol: HT32F52344_54



ARM Macro Assembler    Page 2 Alphabetic symbol ordering
Absolute symbols

   Definitions
      At line 67 in file startup_ht32f5xxxx_01_iap.s
   Uses
      At line 145 in file startup_ht32f5xxxx_01_iap.s
Comment: HT32F52344_54 used once
HT32F61352 0000000A

Symbol: HT32F61352
   Definitions
      At line 69 in file startup_ht32f5xxxx_01_iap.s
   Uses
      None
Comment: HT32F61352 unused
HT50F32003 00000004

Symbol: HT50F32003
   Definitions
      At line 70 in file startup_ht32f5xxxx_01_iap.s
   Uses
      None
Comment: HT50F32003 unused
Heap_Size 00000000

Symbol: Heap_Size
   Definitions
      At line 88 in file startup_ht32f5xxxx_01_iap.s
   Uses
      At line 93 in file startup_ht32f5xxxx_01_iap.s
Comment: Heap_Size used once
Stack_Size 00000200

Symbol: Stack_Size
   Definitions
      At line 80 in file startup_ht32f5xxxx_01_iap.s
   Uses
      At line 84 in file startup_ht32f5xxxx_01_iap.s
Comment: Stack_Size used once
USE_HT32_CHIP_SET 00000000

Symbol: USE_HT32_CHIP_SET
   Definitions
      At line 41 in file startup_ht32f5xxxx_01_iap.s
   Uses
      At line 72 in file startup_ht32f5xxxx_01_iap.s
Comment: USE_HT32_CHIP_SET used once
_HT32FWID FFFFFFFF

Symbol: _HT32FWID
   Definitions
      At line 43 in file startup_ht32f5xxxx_01_iap.s
   Uses
      At line 114 in file startup_ht32f5xxxx_01_iap.s
Comment: _HT32FWID used once
_RESERVED FFFFFFFF

Symbol: _RESERVED
   Definitions
      At line 104 in file startup_ht32f5xxxx_01_iap.s
   Uses



ARM Macro Assembler    Page 3 Alphabetic symbol ordering
Absolute symbols

      At line 110 in file startup_ht32f5xxxx_01_iap.s
      At line 111 in file startup_ht32f5xxxx_01_iap.s
      At line 112 in file startup_ht32f5xxxx_01_iap.s
      At line 113 in file startup_ht32f5xxxx_01_iap.s
      At line 115 in file startup_ht32f5xxxx_01_iap.s
      At line 116 in file startup_ht32f5xxxx_01_iap.s
      At line 118 in file startup_ht32f5xxxx_01_iap.s
      At line 119 in file startup_ht32f5xxxx_01_iap.s

15 symbols



ARM Macro Assembler    Page 1 Alphabetic symbol ordering
External symbols

SystemInit 00000000

Symbol: SystemInit
   Definitions
      At line 158 in file startup_ht32f5xxxx_01_iap.s
   Uses
      At line 162 in file startup_ht32f5xxxx_01_iap.s
Comment: SystemInit used once
UxART_IRQHandler 00000000

Symbol: UxART_IRQHandler
   Definitions
      At line 151 in file startup_ht32f5xxxx_01_iap.s
   Uses
      At line 152 in file startup_ht32f5xxxx_01_iap.s
Comment: UxART_IRQHandler used once
__main 00000000

Symbol: __main
   Definitions
      At line 159 in file startup_ht32f5xxxx_01_iap.s
   Uses
      At line 164 in file startup_ht32f5xxxx_01_iap.s
Comment: __main used once
3 symbols
377 symbols in table
